TERM_PROGRAM=Apple_Terminal
SHELL=/bin/bash
TERM=xterm-256color
TMPDIR=/var/folders/p5/b3pl5m953wz_cx17dq35zy400000gp/T/
Apple_PubSub_Socket_Render=/private/tmp/com.apple.launchd.mzr6w8ydWq/Render
TERM_PROGRAM_VERSION=421.2
TERM_SESSION_ID=6F5EC780-AADC-428C-8741-F6D1A8298194
USER=tasmiashahriar
SSH_AUTH_SOCK=/private/tmp/com.apple.launchd.7cECQexm1g/Listeners
PATH=/Users/rcmurray/opt/miniconda3/bin:/Users/rcmurray/opt/miniconda3/condabin:/Users/rcmurray/.jenv/shims:/Users/rcmurray/.jenv/bin:/usr/local/bin:/usr/bin:/bin:/usr/sbin:/sbin:/opt/X11/bin
PWD=/Users/rcmurray/git/DANCEcollaborative/bazaar/lightside
JAVA_HOME=/Library/Java/JavaVirtualMachines/adoptopenjdk-8.jdk/Contents/Home
LANG=en_US.UTF-8
XPC_FLAGS=0x0
XPC_SERVICE_NAME=0
SHLVL=2
HOME=/Users/tasmiashahriar
LOGNAME=tasmiashahriar
DISPLAY=/private/tmp/com.apple.launchd.AzrKBJ67i1/org.macosforge.xquartz:0
_=/usr/bin/env
TERM_PROGRAM=Apple_Terminal
SHELL=/bin/bash
TERM=xterm-256color
TMPDIR=/var/folders/p5/b3pl5m953wz_cx17dq35zy400000gp/T/
Apple_PubSub_Socket_Render=/private/tmp/com.apple.launchd.mzr6w8ydWq/Render
TERM_PROGRAM_VERSION=421.2
TERM_SESSION_ID=6F5EC780-AADC-428C-8741-F6D1A8298194
USER=tasmiashahriar
SSH_AUTH_SOCK=/private/tmp/com.apple.launchd.7cECQexm1g/Listeners
PATH=/Users/rcmurray/opt/miniconda3/bin:/Users/rcmurray/opt/miniconda3/condabin:/Users/rcmurray/.jenv/shims:/Users/rcmurray/.jenv/bin:/usr/local/bin:/usr/bin:/bin:/usr/sbin:/sbin:/opt/X11/bin
PWD=/Users/rcmurray/git/DANCEcollaborative/bazaar/lightside
JAVA_HOME=/Library/Java/JavaVirtualMachines/adoptopenjdk-8.jdk/Contents/Home
LANG=en_US.UTF-8
XPC_FLAGS=0x0
XPC_SERVICE_NAME=0
SHLVL=2
HOME=/Users/tasmiashahriar
LOGNAME=tasmiashahriar
DISPLAY=/private/tmp/com.apple.launchd.AzrKBJ67i1/org.macosforge.xquartz:0
_=/usr/bin/env
TERM_PROGRAM=Apple_Terminal
SHELL=/bin/bash
TERM=xterm-256color
TMPDIR=/var/folders/p5/b3pl5m953wz_cx17dq35zy400000gp/T/
Apple_PubSub_Socket_Render=/private/tmp/com.apple.launchd.mzr6w8ydWq/Render
TERM_PROGRAM_VERSION=421.2
TERM_SESSION_ID=6F5EC780-AADC-428C-8741-F6D1A8298194
USER=tasmiashahriar
SSH_AUTH_SOCK=/private/tmp/com.apple.launchd.7cECQexm1g/Listeners
PATH=/Users/rcmurray/opt/miniconda3/bin:/Users/rcmurray/opt/miniconda3/condabin:/Users/rcmurray/.jenv/shims:/Users/rcmurray/.jenv/bin:/usr/local/bin:/usr/bin:/bin:/usr/sbin:/sbin:/opt/X11/bin
PWD=/Users/rcmurray/git/DANCEcollaborative/bazaar/lightside
JAVA_HOME=/Library/Java/JavaVirtualMachines/adoptopenjdk-8.jdk/Contents/Home
LANG=en_US.UTF-8
XPC_FLAGS=0x0
XPC_SERVICE_NAME=0
SHLVL=2
HOME=/Users/tasmiashahriar
LOGNAME=tasmiashahriar
DISPLAY=/private/tmp/com.apple.launchd.AzrKBJ67i1/org.macosforge.xquartz:0
_=/usr/bin/env
